[    0.000000] Linux version 4.15.0-135-generic (buildd@lgw01-amd64-005) (gcc version 7.5.0 (Ubuntu 7.5.0-3ubuntu1~18.04)) #139-Ubuntu SMP Mon Jan 18 17:38:24 UTC 2021 (Ubuntu 4.15.0-135.139-generic 4.15.18)
[    0.000000] Command line: BOOT_IMAGE=/boot/vmlinuz-4.15.0-135-generic root=UUID=9bc7bc09-280a-41a0-b294-75779fae7573 ro console=tty1 console=ttyS0
[    0.000000] KERNEL supported cpus:
[    0.000000]   Intel GenuineIntel
[    0.000000]   AMD AuthenticAMD
[    0.000000]   Centaur CentaurHauls
[    0.000000] x86/fpu: Supporting XSAVE feature 0x001: 'x87 floating point registers'
[    0.000000] x86/fpu: Supporting XSAVE feature 0x002: 'SSE registers'
[    0.000000] x86/fpu: Supporting XSAVE feature 0x004: 'AVX registers'
[    0.000000] x86/fpu: xstate_offset[2]:  576, xstate_sizes[2]:  256
[    0.000000] x86/fpu: Enabled xstate features 0x7, context size is 832 bytes, using 'standard' format.
[    0.000000] e820: BIOS-provided physical RAM map:
[    0.000000] BIOS-e820: [mem 0x0000000000000000-0x000000000009fbff] usable
[    0.000000] BIOS-e820: [mem 0x000000000009fc00-0x000000000009ffff] reserved
[    0.000000] BIOS-e820: [mem 0x00000000000f0000-0x00000000000fffff] reserved
[    0.000000] BIOS-e820: [mem 0x0000000000100000-0x000000003ffeffff] usable
[    0.000000] BIOS-e820: [mem 0x000000003fff0000-0x000000003fffffff] ACPI data
[    0.000000] BIOS-e820: [mem 0x00000000fec00000-0x00000000fec00fff] reserved
[    0.000000] BIOS-e820: [mem 0x00000000fee00000-0x00000000fee00fff] reserved
[    0.000000] BIOS-e820: [mem 0x00000000fffc0000-0x00000000ffffffff] reserved
[    0.000000] NX (Execute Disable) protection: active
[    0.000000] SMBIOS 2.5 present.
[    0.000000] DMI: innotek GmbH VirtualBox/VirtualBox, BIOS VirtualBox 12/01/2006
[    0.000000] Hypervisor detected: KVM
[    0.000000] e820: last_pfn = 0x3fff0 max_arch_pfn = 0x400000000
[    0.000000] MTRR: Disabled
[    0.000000] x86/PAT: MTRRs disabled, skipping PAT initialization too.
[    0.000000] CPU MTRRs all blank - virtualized system.
[    0.000000] x86/PAT: Configuration [0-7]: WB  WT  UC- UC  WB  WT  UC- UC  
[    0.000000] found SMP MP-table at [mem 0x0009fff0-0x0009ffff]
[    0.000000] Scanning 1 areas for low memory corruption
[    0.000000] RAMDISK: [mem 0x3595d000-0x36ca5fff]
[    0.000000] ACPI: Early table checksum verification disabled
[    0.000000] ACPI: RSDP 0x00000000000E0000 000024 (v02 VBOX  )
[    0.000000] ACPI: XSDT 0x000000003FFF0030 00003C (v01 VBOX   VBOXXSDT 00000001 ASL  00000061)
[    0.000000] ACPI: FACP 0x000000003FFF00F0 0000F4 (v04 VBOX   VBOXFACP 00000001 ASL  00000061)
[    0.000000] ACPI: DSDT 0x000000003FFF0470 002325 (v02 VBOX   VBOXBIOS 00000002 INTL 20100528)
[    0.000000] ACPI: FACS 0x000000003FFF0200 000040
[    0.000000] ACPI: FACS 0x000000003FFF0200 000040
[    0.000000] ACPI: APIC 0x000000003FFF0240 00005C (v02 VBOX   VBOXAPIC 00000001 ASL  00000061)
[    0.000000] ACPI: SSDT 0x000000003FFF02A0 0001CC (v01 VBOX   VBOXCPUT 00000002 INTL 20100528)
[    0.000000] No NUMA configuration found
[    0.000000] Faking a node at [mem 0x0000000000000000-0x000000003ffeffff]
[    0.000000] NODE_DATA(0) allocated [mem 0x3ffc5000-0x3ffeffff]
[    0.000000] kvm-clock: cpu 0, msr 0:3ff44001, primary cpu clock
[    0.000000] kvm-clock: Using msrs 4b564d01 and 4b564d00
[    0.000000] kvm-clock: using sched offset of 3602536823 cycles
[    0.000000] clocksource: kvm-clock: mask: 0xffffffffffffffff max_cycles: 0x1cd42e4dffb, max_idle_ns: 881590591483 ns
[    0.000000] Zone ranges:
[    0.000000]   DMA      [mem 0x0000000000001000-0x0000000000ffffff]
[    0.000000]   DMA32    [mem 0x0000000001000000-0x000000003ffeffff]
[    0.000000]   Normal   empty
[    0.000000]   Device   empty
[    0.000000] Movable zone start for each node
[    0.000000] Early memory node ranges
[    0.000000]   node   0: [mem 0x0000000000001000-0x000000000009efff]
[    0.000000]   node   0: [mem 0x0000000000100000-0x000000003ffeffff]
[    0.000000] Reserved but unavailable: 98 pages
[    0.000000] Initmem setup node 0 [mem 0x0000000000001000-0x000000003ffeffff]
[    0.000000] ACPI: PM-Timer IO Port: 0x4008
[    0.000000] IOAPIC[0]: apic_id 2, version 32, address 0xfec00000, GSI 0-23
[    0.000000] ACPI: INT_SRC_OVR (bus 0 bus_irq 0 global_irq 2 dfl dfl)
[    0.000000] ACPI: INT_SRC_OVR (bus 0 bus_irq 9 global_irq 9 low level)
[    0.000000] Using ACPI (MADT) for SMP configuration information
[    0.000000] smpboot: Allowing 2 CPUs, 0 hotplug CPUs
[    0.000000] PM: Registered nosave memory: [mem 0x00000000-0x00000fff]
[    0.000000] PM: Registered nosave memory: [mem 0x0009f000-0x0009ffff]
[    0.000000] PM: Registered nosave memory: [mem 0x000a0000-0x000effff]
[    0.000000] PM: Registered nosave memory: [mem 0x000f0000-0x000fffff]
[    0.000000] e820: [mem 0x40000000-0xfebfffff] available for PCI devices
[    0.000000] Booting paravirtualized kernel on KVM
[    0.000000] clocksource: refined-jiffies: mask: 0xffffffff max_cycles: 0xffffffff, max_idle_ns: 7645519600211568 ns
[    0.000000] random: get_random_bytes called from start_kernel+0x99/0x500 with crng_init=0
[    0.000000] setup_percpu: NR_CPUS:8192 nr_cpumask_bits:2 nr_cpu_ids:2 nr_node_ids:1
[    0.000000] percpu: Embedded 45 pages/cpu s147456 r8192 d28672 u1048576
[    0.000000] PV qspinlock hash table entries: 256 (order: 0, 4096 bytes)
[    0.000000] Built 1 zonelists, mobility grouping on.  Total pages: 257913
[    0.000000] Policy zone: DMA32
[    0.000000] Kernel command line: BOOT_IMAGE=/boot/vmlinuz-4.15.0-135-generic root=UUID=9bc7bc09-280a-41a0-b294-75779fae7573 ro console=tty1 console=ttyS0
[    0.000000] Memory: 982496K/1048120K available (12300K kernel code, 2482K rwdata, 4276K rodata, 2440K init, 2724K bss, 65624K reserved, 0K cma-reserved)
[    0.000000] SLUB: HWalign=64, Order=0-3, MinObjects=0, CPUs=2, Nodes=1
[    0.000000] ftrace: allocating 39422 entries in 154 pages
[    0.004000] Hierarchical RCU implementation.
[    0.004000] 	RCU restricting CPUs from NR_CPUS=8192 to nr_cpu_ids=2.
[    0.004000] 	Tasks RCU enabled.
[    0.004000] RCU: Adjusting geometry for rcu_fanout_leaf=16, nr_cpu_ids=2
[    0.004000] NR_IRQS: 524544, nr_irqs: 440, preallocated irqs: 16
[    0.004000] Console: colour VGA+ 80x25
[    0.004000] console [tty1] enabled
[    0.004000] console [ttyS0] enabled
[    0.004000] ACPI: Core revision 20170831
[    0.004000] ACPI: 2 ACPI AML tables successfully acquired and loaded
[    0.004000] APIC: Switch to symmetric I/O mode setup
[    0.004000] x2apic enabled
[    0.004000] Switched APIC routing to physical x2apic.
[    0.004000] ..TIMER: vector=0x30 apic1=0 pin1=2 apic2=-1 pin2=-1
[    0.004000] tsc: Detected 1895.999 MHz processor
[    0.004005] Calibrating delay loop (skipped) preset value.. 3791.99 BogoMIPS (lpj=7583996)
[    0.005053] pid_max: default: 32768 minimum: 301
[    0.005643] Security Framework initialized
[    0.006211] Yama: becoming mindful.
[    0.006678] AppArmor: AppArmor initialized
[    0.008000] Dentry cache hash table entries: 131072 (order: 8, 1048576 bytes)
[    0.008035] Inode-cache hash table entries: 65536 (order: 7, 524288 bytes)
[    0.008866] Mount-cache hash table entries: 2048 (order: 2, 16384 bytes)
[    0.012004] Mountpoint-cache hash table entries: 2048 (order: 2, 16384 bytes)
[    0.013616] Last level iTLB entries: 4KB 64, 2MB 8, 4MB 8
[    0.014306] Last level dTLB entries: 4KB 64, 2MB 0, 4MB 0, 1GB 4
[    0.015054] Spectre V1 : Mitigation: usercopy/swapgs barriers and __user pointer sanitization
[    0.016002] Spectre V2 : Mitigation: Full generic retpoline
[    0.016736] Spectre V2 : Spectre v2 / SpectreRSB mitigation: Filling RSB on context switch
[    0.017777] Speculative Store Bypass: Vulnerable
[    0.018420] TAA: Mitigation: TSX disabled
[    0.018965] SRBDS: Mitigation: TSX disabled
[    0.020140] Freeing SMP alternatives memory: 36K
[    0.129731] smpboot: CPU0: Intel(R) Core(TM) i5-8365U CPU @ 1.60GHz (family: 0x6, model: 0x8e, stepping: 0xc)
[    0.131470] Performance Events: unsupported p6 CPU model 142 no PMU driver, software events only.
[    0.132000] Hierarchical SRCU implementation.
[    0.132444] NMI watchdog: Perf event create on CPU 0 failed with -2
[    0.133334] NMI watchdog: Perf NMI watchdog permanently disabled
[    0.134144] smp: Bringing up secondary CPUs ...
[    0.134814] x86: Booting SMP configuration:
[    0.136002] .... node  #0, CPUs:      #1
[    0.004000] kvm-clock: cpu 1, msr 0:3ff44041, secondary cpu clock
[    0.140014] smp: Brought up 1 node, 2 CPUs
[    0.140670] smpboot: Max logical packages: 1
[    0.141407] smpboot: Total of 2 processors activated (7583.99 BogoMIPS)
[    0.142658] devtmpfs: initialized
[    0.142658] x86/mm: Memory block size: 128MB
[    0.144104] evm: security.selinux
[    0.144804] evm: security.SMACK64
[    0.145277] evm: security.SMACK64EXEC
[    0.145753] evm: security.SMACK64TRANSMUTE
[    0.146317] evm: security.SMACK64MMAP
[    0.146790] evm: security.apparmor
[    0.148001] evm: security.ima
[    0.148451] evm: security.capability
[    0.148987] clocksource: jiffies: mask: 0xffffffff max_cycles: 0xffffffff, max_idle_ns: 7645041785100000 ns
[    0.149260] futex hash table entries: 512 (order: 3, 32768 bytes)
[    0.152015] pinctrl core: initialized pinctrl subsystem
[    0.156017] RTC time: 15:15:15, date: 02/17/21
[    0.156726] NET: Registered protocol family 16
[    0.157364] audit: initializing netlink subsys (disabled)
[    0.158061] audit: type=2000 audit(1613574920.907:1): state=initialized audit_enabled=0 res=1
[    0.158061] cpuidle: using governor ladder
[    0.158061] cpuidle: using governor menu
[    0.160028] ACPI: bus type PCI registered
[    0.160580] acpiphp: ACPI Hot Plug PCI Controller Driver version: 0.5
[    0.161545] PCI: Using configuration type 1 for base access
[    0.162255] HugeTLB registered 2.00 MiB page size, pre-allocated 0 pages
[    0.164062] ACPI: Added _OSI(Module Device)
[    0.164650] ACPI: Added _OSI(Processor Device)
[    0.165251] ACPI: Added _OSI(3.0 _SCP Extensions)
[    0.165839] ACPI: Added _OSI(Processor Aggregator Device)
[    0.166541] ACPI: Added _OSI(Linux-Dell-Video)
[    0.168002] ACPI: Added _OSI(Linux-Lenovo-NV-HDMI-Audio)
[    0.168708] ACPI: Added _OSI(Linux-HPI-Hybrid-Graphics)
[    0.169646] ACPI: Executed 1 blocks of module-level executable AML code
[    0.172945] ACPI: Interpreter enabled
[    0.173429] ACPI: (supports S0 S5)
[    0.173911] ACPI: Using IOAPIC for interrupt routing
[    0.174739] PCI: Using host bridge windows from ACPI; if necessary, use "pci=nocrs" and report a bug
[    0.176000] ACPI: Enabled 2 GPEs in block 00 to 07
[    0.180834] ACPI: PCI Root Bridge [PCI0] (domain 0000 [bus 00-ff])
[    0.182212] acpi PNP0A03:00: _OSC: OS supports [ASPM ClockPM Segments MSI]
[    0.183938] acpi PNP0A03:00: _OSC: not requesting OS control; OS requires [ExtendedConfig ASPM ClockPM MSI]
[    0.184009] acpi PNP0A03:00: fail to add MMCONFIG information, can't access extended PCI configuration space under this bridge.
[    0.185782] PCI host bridge to bus 0000:00
[    0.186311] pci_bus 0000:00: root bus resource [io  0x0000-0x0cf7 window]
[    0.188002] pci_bus 0000:00: root bus resource [io  0x0d00-0xffff window]
[    0.188857] pci_bus 0000:00: root bus resource [mem 0x000a0000-0x000bffff window]
[    0.189825] pci_bus 0000:00: root bus resource [mem 0x40000000-0xfdffffff window]
[    0.190918] pci_bus 0000:00: root bus resource [bus 00-ff]
[    0.193525] pci 0000:00:01.1: legacy IDE quirk: reg 0x10: [io  0x01f0-0x01f7]
[    0.194402] pci 0000:00:01.1: legacy IDE quirk: reg 0x14: [io  0x03f6]
[    0.195205] pci 0000:00:01.1: legacy IDE quirk: reg 0x18: [io  0x0170-0x0177]
[    0.196002] pci 0000:00:01.1: legacy IDE quirk: reg 0x1c: [io  0x0376]
[    0.209122] pci 0000:00:07.0: quirk: [io  0x4000-0x403f] claimed by PIIX4 ACPI
[    0.210494] pci 0000:00:07.0: quirk: [io  0x4100-0x410f] claimed by PIIX4 SMB
[    0.216000] ACPI: PCI Interrupt Link [LNKA] (IRQs 5 9 10 *11)
[    0.217377] ACPI: PCI Interrupt Link [LNKB] (IRQs 5 9 *10 11)
[    0.218541] ACPI: PCI Interrupt Link [LNKC] (IRQs 5 *9 10 11)
[    0.219453] ACPI: PCI Interrupt Link [LNKD] (IRQs 5 9 10 *11)
[    0.220241] SCSI subsystem initialized
[    0.220795] pci 0000:00:02.0: vgaarb: setting as boot VGA device
[    0.220840] pci 0000:00:02.0: vgaarb: VGA device added: decodes=io+mem,owns=io+mem,locks=none
[    0.221909] pci 0000:00:02.0: vgaarb: bridge control possible
[    0.224006] vgaarb: loaded
[    0.224471] ACPI: bus type USB registered
[    0.224999] usbcore: registered new interface driver usbfs
[    0.225718] usbcore: registered new interface driver hub
[    0.226424] usbcore: registered new device driver usb
[    0.227132] EDAC MC: Ver: 3.0.0
[    0.228172] PCI: Using ACPI for IRQ routing
[    0.228767] NetLabel: Initializing
[    0.229237] NetLabel:  domain hash size = 128
[    0.229802] NetLabel:  protocols = UNLABELED CIPSOv4 CALIPSO
[    0.230543] NetLabel:  unlabeled traffic allowed by default
[    0.232047] clocksource: Switched to clocksource kvm-clock
[    0.250120] VFS: Disk quotas dquot_6.6.0
[    0.250936] VFS: Dquot-cache hash table entries: 512 (order 0, 4096 bytes)
[    0.252427] AppArmor: AppArmor Filesystem Enabled
[    0.253397] pnp: PnP ACPI init
[    0.254578] pnp: PnP ACPI: found 3 devices
[    0.264635] clocksource: acpi_pm: mask: 0xffffff max_cycles: 0xffffff, max_idle_ns: 2085701024 ns
[    0.266147] NET: Registered protocol family 2
[    0.266930] TCP established hash table entries: 8192 (order: 4, 65536 bytes)
[    0.268181] TCP bind hash table entries: 8192 (order: 5, 131072 bytes)
[    0.271456] TCP: Hash tables configured (established 8192 bind 8192)
[    0.272805] UDP hash table entries: 512 (order: 2, 16384 bytes)
[    0.273783] UDP-Lite hash table entries: 512 (order: 2, 16384 bytes)
[    0.274882] NET: Registered protocol family 1
[    0.275641] pci 0000:00:00.0: Limiting direct PCI/PCI transfers
[    0.276873] pci 0000:00:01.0: Activating ISA DMA hang workarounds
[    0.277856] pci 0000:00:02.0: Video device with shadowed ROM at [mem 0x000c0000-0x000dffff]
[    0.278988] Unpacking initramfs...
[    0.591927] Freeing initrd memory: 19748K
[    0.593045] clocksource: tsc: mask: 0xffffffffffffffff max_cycles: 0x36a8d041f91, max_idle_ns: 881590460728 ns
[    0.594626] platform rtc_cmos: registered platform RTC device (no PNP device found)
[    0.595673] Scanning for low memory corruption every 60 seconds
[    0.597335] Initialise system trusted keyrings
[    0.597952] Key type blacklist registered
[    0.598600] workingset: timestamp_bits=36 max_order=18 bucket_order=0
[    0.600169] zbud: loaded
[    0.600948] squashfs: version 4.0 (2009/01/31) Phillip Lougher
[    0.601872] fuse init (API version 7.26)
[    0.604193] Key type asymmetric registered
[    0.604781] Asymmetric key parser 'x509' registered
[    0.605463] Block layer SCSI generic (bsg) driver version 0.4 loaded (major 246)
[    0.606517] io scheduler noop registered
[    0.607057] io scheduler deadline registered
[    0.607685] io scheduler cfq registered (default)
[    0.608593] ACPI: AC Adapter [AC] (on-line)
[    0.609251] input: Power Button as /devices/LNXSYSTM:00/LNXPWRBN:00/input/input0
[    0.610285] ACPI: Power Button [PWRF]
[    0.610854] input: Sleep Button as /devices/LNXSYSTM:00/LNXSLPBN:00/input/input1
[    0.611853] ACPI: Sleep Button [SLPF]
[    0.613286] ACPI: Battery Slot [BAT0] (battery present)
[    0.614382] Serial: 8250/16550 driver, 32 ports, IRQ sharing enabled
[    0.636205] 00:02: ttyS0 at I/O 0x3f8 (irq = 4, base_baud = 115200) is a 16550A
[    0.639305] Linux agpgart interface v0.103
[    0.644306] loop: module loaded
[    0.645358] scsi host0: ata_piix
[    0.646154] scsi host1: ata_piix
[    0.646820] ata1: PATA max UDMA/33 cmd 0x1f0 ctl 0x3f6 bmdma 0xd000 irq 14
[    0.647769] ata2: PATA max UDMA/33 cmd 0x170 ctl 0x376 bmdma 0xd008 irq 15
[    0.649396] libphy: Fixed MDIO Bus: probed
[    0.650018] tun: Universal TUN/TAP device driver, 1.6
[    0.650799] PPP generic driver version 2.4.2
[    0.651450] ehci_hcd: USB 2.0 'Enhanced' Host Controller (EHCI) Driver
[    0.652535] ehci-pci: EHCI PCI platform driver
[    0.653151] ehci-platform: EHCI generic platform driver
[    0.653860] ohci_hcd: USB 1.1 'Open' Host Controller (OHCI) Driver
[    0.654647] ohci-pci: OHCI PCI platform driver
[    0.655232] ohci-platform: OHCI generic platform driver
[    0.655908] uhci_hcd: USB Universal Host Controller Interface driver
[    0.656795] i8042: PNP: PS/2 Controller [PNP0303:PS2K,PNP0f03:PS2M] at 0x60,0x64 irq 1,12
[    0.658257] serio: i8042 KBD port at 0x60,0x64 irq 1
[    0.658894] serio: i8042 AUX port at 0x60,0x64 irq 12
[    0.659744] mousedev: PS/2 mouse device common for all mice
[    0.660964] input: AT Translated Set 2 keyboard as /devices/platform/i8042/serio0/input/input2
[    0.662133] rtc_cmos rtc_cmos: rtc core: registered rtc_cmos as rtc0
[    0.663094] rtc_cmos rtc_cmos: alarms up to one day, 114 bytes nvram
[    0.663885] i2c /dev entries driver
[    0.664467] device-mapper: uevent: version 1.0.3
[    0.665154] device-mapper: ioctl: 4.37.0-ioctl (2017-09-20) initialised: dm-devel@redhat.com
[    0.666255] ledtrig-cpu: registered to indicate activity on CPUs
[    0.667339] NET: Registered protocol family 10
[    0.671152] Segment Routing with IPv6
[    0.671642] NET: Registered protocol family 17
[    0.672445] Key type dns_resolver registered
[    0.673363] mce: Using 0 MCE banks
[    0.673864] RAS: Correctable Errors collector initialized.
[    0.674562] sched_clock: Marking stable (673342461, 0)->(796152405, -122809944)
[    0.675887] registered taskstats version 1
[    0.676482] Loading compiled-in X.509 certificates
[    0.679170] Loaded X.509 cert 'Build time autogenerated kernel key: 399a566a2ea98257ce6f7132c633527e9761cd56'
[    0.680471] zswap: loaded using pool lzo/zbud
[    0.683781] Key type big_key registered
[    0.684340] Key type trusted registered
[    0.686180] Key type encrypted registered
[    0.686799] AppArmor: AppArmor sha1 policy hashing enabled
[    0.687503] ima: No TPM chip found, activating TPM-bypass! (rc=-19)
[    0.688396] ima: Allocated hash algorithm: sha1
[    0.689027] evm: HMAC attrs: 0x1
[    0.689643]   Magic number: 9:562:285
[    0.690194] rtc_cmos rtc_cmos: setting system clock to 2021-02-17 15:15:16 UTC (1613574916)
[    0.691421] BIOS EDD facility v0.16 2004-Jun-25, 0 devices found
[    0.692273] EDD information not available.
[    0.833825] Freeing unused kernel image memory: 2440K
[    1.124834] Write protecting the kernel read-only data: 20480k
[    1.130502] Freeing unused kernel image memory: 2008K
[    1.131987] Freeing unused kernel image memory: 1868K
[    1.139749] x86/mm: Checked W+X mappings: passed, no W+X pages found.
Loading, please wait...
starting version 237
[    1.179320] e1000: Intel(R) PRO/1000 Network Driver - version 7.3.21-k8-NAPI
[    1.180709] e1000: Copyright (c) 1999-2006 Intel Corporation.
[    1.183212] Fusion MPT base driver 3.04.20
[    1.183870] Copyright (c) 1999-2008 LSI Corporation
[    1.188440] Fusion MPT SPI Host driver 3.04.20
[    1.198841] AVX2 version of gcm_enc/dec engaged.
[    1.200081] AES CTR mode by8 optimization enabled
[    1.426763] input: ImExPS/2 Generic Explorer Mouse as /devices/platform/i8042/serio1/input/input4
[    1.604100] e1000 0000:00:03.0 eth0: (PCI:33MHz:32-bit) 02:9c:5a:2d:fc:66
[    1.605388] e1000 0000:00:03.0 eth0: Intel(R) PRO/1000 Network Connection
[    1.607247] mptbase: ioc0: Initiating bringup
[    1.608539] e1000 0000:00:03.0 enp0s3: renamed from eth0
[    2.525450] ioc0: LSI53C1030 A0: Capabilities={Initiator}
[    5.612222] scsi host2: ioc0: LSI53C1030 A0, FwRev=00000000h, Ports=1, MaxQ=256, IRQ=20
[    8.472070] scsi 2:0:0:0: Direct-Access     VBOX     HARDDISK         1.0  PQ: 0 ANSI: 5
[    9.596928] scsi target2:0:0: Beginning Domain Validation
[    9.604996] scsi target2:0:0: Domain Validation skipping write tests
[    9.608197] scsi target2:0:0: Ending Domain Validation
[    9.611217] scsi target2:0:0: asynchronous
[    9.615313] scsi 2:0:1:0: Direct-Access     VBOX     HARDDISK         1.0  PQ: 0 ANSI: 5
[   10.654958] scsi target2:0:1: Beginning Domain Validation
[   10.667202] random: fast init done
[   10.669699] scsi target2:0:1: Domain Validation skipping write tests
[   10.673087] scsi target2:0:1: Ending Domain Validation
[   10.675388] scsi target2:0:1: asynchronous
[   10.680013] random: systemd-udevd: uninitialized urandom read (16 bytes read)
[   10.681424] random: systemd-udevd: uninitialized urandom read (16 bytes read)
[   10.682841] random: systemd-udevd: uninitialized urandom read (16 bytes read)
[   10.684404] sd 2:0:0:0: Attached scsi generic sg0 type 0
[   10.686000] sd 2:0:0:0: [sda] 83886080 512-byte logical blocks: (42.9 GB/40.0 GiB)
[   10.687190] sd 2:0:0:0: [sda] Write Protect is off
[   10.687191] sd 2:0:1:0: Attached scsi generic sg1 type 0
[   10.689409] sd 2:0:0:0: [sda] Incomplete mode parameter data
[   10.690184] sd 2:0:0:0: [sda] Assuming drive cache: write through
[   10.690988] sd 2:0:1:0: [sdb] 20480 512-byte logical blocks: (10.5 MB/10.0 MiB)
[   10.692191] sd 2:0:1:0: [sdb] Write Protect is off
[   10.693076] sd 2:0:1:0: [sdb] Incomplete mode parameter data
[   10.693901] sd 2:0:1:0: [sdb] Assuming drive cache: write through
[   10.700711]  sda: sda1
[   10.702664] sd 2:0:0:0: [sda] Attached SCSI disk
[   10.704198] sd 2:0:1:0: [sdb] Attached SCSI disk
Begin: Loading essential drivers ... [   12.108950] raid6: sse2x1   gen() 13719 MB/s
[   12.156813] raid6: sse2x1   xor()  7976 MB/s
[   12.204564] raid6: sse2x2   gen() 15888 MB/s
[   12.252416] raid6: sse2x2   xor()  9573 MB/s
[   12.300216] raid6: sse2x4   gen() 16072 MB/s
[   12.348023] raid6: sse2x4   xor()  8618 MB/s
[   12.396824] raid6: avx2x1   gen() 24755 MB/s
[   12.444236] raid6: avx2x1   xor() 15151 MB/s
[   12.492517] raid6: avx2x2   gen() 31146 MB/s
[   12.540332] raid6: avx2x2   xor() 20635 MB/s
[   12.588148] raid6: avx2x4   gen() 34879 MB/s
[   12.636021] raid6: avx2x4   xor() 20522 MB/s
[   12.636803] raid6: using algorithm avx2x4 gen() 34879 MB/s
[   12.637509] raid6: .... xor() 20522 MB/s, rmw enabled
[   12.638132] raid6: using avx2x2 recovery algorithm
[   12.639718] xor: automatically using best checksumming function   avx       
[   12.641680] async_tx: api initialized (async)
done.
Begin: Running /scripts/init-premount ... done.
Begin: Mounting root file system ... Begin: Running /scripts/local-top ... done.
Begin: Running /scripts/local-premount ... [   12.675599] Btrfs loaded, crc32c=crc32c-intel
Scanning for Btrfs filesystems
done.
Warning: fsck not present, so skipping root file system
[   12.711584] EXT4-fs (sda1): INFO: recovery required on readonly filesystem
[   12.712671] EXT4-fs (sda1): write access will be enabled during recovery
[   12.728118] EXT4-fs (sda1): recovery complete
[   12.729440] EXT4-fs (sda1): mounted filesystem with ordered data mode. Opts: (null)
done.
Begin: Running /scripts/local-bottom ... done.
Begin: Running /scripts/init-bottom ... done.
[   12.905935] ip_tables: (C) 2000-2006 Netfilter Core Team
[   12.915868] systemd[1]: systemd 237 running in system mode. (+PAM +AUDIT +SELINUX +IMA +APPARMOR +SMACK +SYSVINIT +UTMP +LIBCRYPTSETUP +GCRYPT +GNUTLS +ACL +XZ +LZ4 +SECCOMP +BLKID +ELFUTILS +KMOD -IDN2 +IDN -PCRE2 default-hierarchy=hybrid)
[   12.925042] systemd[1]: Detected virtualization oracle.
[   12.925695] systemd[1]: Detected architecture x86-64.

Welcome to [1mUbuntu 18.04.5 LTS[0m!

[   12.930596] systemd[1]: Set hostname to <ubuntu-bionic>.
[   13.177160] systemd[1]: Created slice User and Session Slice.
[[0;32m  OK  [0m] Created slice User and Session Slice.
[   13.178694] systemd[1]: Reached target User and Group Name Lookups.
[[0;32m  OK  [0m] Reached target User and Group Name Lookups.
[   13.225733] systemd[1]: Reached target System Time Synchronized.
[[0;32m  OK  [0m] Reached target System Time Synchronized.
[   13.267192] systemd[1]: Created slice System Slice.
[[0;32m  OK  [0m] Created slice System Slice.
[   13.273509] systemd[1]: Listening on Journal Audit Socket.
[[0;32m  OK  [0m] Listening on Journal Audit Socket.
[   13.595643] systemd[1]: Listening on LVM2 poll daemon socket.
[[0;32m  OK  [0m] Listening on LVM2 poll daemon socket.
[[0;32m  OK  [0m] Listening on udev Kernel Socket.
[[0;32m  OK  [0m] Listening on LVM2 metadata daemon socket.
[[0;32m  OK  [0m] Created slice system-serial\x2dgetty.slice.
[[0;32m  OK  [0m] Listening on Device-mapper event daemon FIFOs.
[[0;32m  OK  [0m] Listening on Journal Socket (/dev/log).
[[0;32m  OK  [0m] Listening on Journal Socket.
         Starting Monitoring of LVM2 mirrors…ng dmeventd or progress polling...
         Starting Uncomplicated firewall...
         Starting Set the console keyboard layout...
[[0;32m  OK  [0m] Listening on Network Service Netlink Socket.
[[0;32m  OK  [0m] Listening on Syslog Socket.
         Starting Journal Service...
[[0;32m  OK  [0m] Reached target Slices.
         Mounting Kernel Debug File System...
[[0;32m  OK  [0m] Started Forward Password Requests to Wall Directory Watch.
         Mounting POSIX Message Queue File System...
         Mounting Huge Pages File System...
[[0;32m  OK  [0m] Listening on udev Control Socket.
         Starting udev Coldplug all Devices...
         Starting Remount Root and Kernel File Systems...
[[0;32m  OK  [0m] Set up automount Arbitrary Executab…rmats File System Automount Point.
[   15.352567] EXT4-fs (sda1): re-mounted. Opts: (null)
         Starting Load Kernel Modules...
         Starting Create list of required st…ce nodes for the current kernel...
[[0;32m  OK  [0m] Reached target Swap.
[   15.382868] Loading iSCSI transport class v2.0-870.
[[0;32m  OK  [0m] Listening on /dev/initctl Compatibility Named Pipe.
[   15.389756] iscsi: registered transport (tcp)
[[0;32m  OK  [0m] Started Journal Service.
[[0;32m  OK  [0m] Started Uncomplicated firewall.
[   15.411119] iscsi: registered transport (iser)
[[0;32m  OK  [0m] Mounted Kernel Debug File System.
[[0;32m  OK  [0m] Mounted POSIX Message Queue File System.
[[0;32m  OK  [0m] Mounted Huge Pages File System.
[[0;32m  OK  [0m] Started Set the console keyboard layout.
[[0;32m  OK  [0m] Started Remount Root and Kernel File Systems.
[[0;32m  OK  [0m] Started Load Kernel Modules.
[[0;32m  OK  [0m] Started Create list of required sta…vice nodes for the current kernel.
[[0;32m  OK  [0m] Started udev Coldplug all Devices.
[[0;32m  OK  [0m] Started LVM2 metadata daemon.
         Starting Create Static Device Nodes in /dev...
         Starting Apply Kernel Variables...
         Mounting Kernel Configuration File System...
         Mounting FUSE Control File System...
         Starting Load/Save Random Seed...
         Starting Flush Journal to Persistent Storage...
[[0;32m  OK  [0m] Started Monitoring of LVM2 mirrors,…sing dmeventd or progress polling.
[[0;32m  OK  [0m] Started Create Static Device Nodes in /dev.
[[0;32m  OK  [0m] Mounted Kernel Configuration File System.
[[0;32m  OK  [0m] Mounted FUSE Control File System.
         Starting udev Kernel Device Manager...
[[0;32m  OK  [0m] Reached target Local File Systems (Pre).
         Mounting /vagrant...
[[0;32m  OK  [0m] Reached target Local File Systems.
         Starting Tell Plymouth To Write Out Runtime Data...
         Starting Set console font and keymap...
         Starting AppArmor initialization...
         Starting ebtables ruleset management...
[[0;32m  OK  [0m] Started Load/Save Random Seed.
[[0;32m  OK  [0m] Started Tell Plymouth To Write Out Runtime Data.
[[0;32m  OK  [0m] Started Set console font and keymap.
[[0;32m  OK  [0m] Started Apply Kernel Variables.
[[0;32m  OK  [0m] Mounted /vagrant.
[[0;32m  OK  [0m] Started udev Kernel Device Manager.
[[0;32m  OK  [0m] Started Dispatch Password Requests to Console Directory Watch.
[[0;32m  OK  [0m] Reached target Local Encrypted Volumes.
[[0;32m  OK  [0m] Started Flush Journal to Persistent Storage.
[[0;32m  OK  [0m] Started ebtables ruleset management.
         Starting Create Volatile Files and Directories...
[[0;32m  OK  [0m] Found device /dev/ttyS0.
[[0;32m  OK  [0m] Started Create Volatile Files and Directories.
         Starting Update UTMP about System Boot/Shutdown...
[[0;32m  OK  [0m] Started Update UTMP about System Boot/Shutdown.
[[0;32m  OK  [0m] Listening on Load/Save RF Kill Switch Status /dev/rfkill Watch.
[[0;32m  OK  [0m] Started AppArmor initialization.
         Starting Load AppArmor profiles managed internally by snapd...
         Starting Initial cloud-init job (pre-networking)...
[[0;32m  OK  [0m] Started Load AppArmor profiles managed internally by snapd.
[   17.140325] cloud-init[570]: Cloud-init v. 20.4.1-0ubuntu1~18.04.1 running 'init-local' at Wed, 17 Feb 2021 15:15:32 +0000. Up 16.98 seconds.
[[0;32m  OK  [0m] Started Initial cloud-init job (pre-networking).
[[0;32m  OK  [0m] Reached target Network (Pre).
         Starting Network Service...
[[0;32m  OK  [0m] Started Network Service.
         Starting Network Name Resolution...
         Starting Wait for Network to be Configured...
[[0;32m  OK  [0m] Started Network Name Resolution.
[[0;32m  OK  [0m] Reached target Host and Network Name Lookups.
[[0;32m  OK  [0m] Reached target Network.
[[0;32m  OK  [0m] Started Wait for Network to be Configured.
         Starting Initial cloud-init job (metadata service crawler)...
[   19.087437] cloud-init[684]: Cloud-init v. 20.4.1-0ubuntu1~18.04.1 running 'init' at Wed, 17 Feb 2021 15:15:34 +0000. Up 18.96 seconds.
[   19.088781] cloud-init[684]: ci-info: ++++++++++++++++++++++++++++++++++++++Net device info++++++++++++++++++++++++++++++++++++++
[   19.089956] cloud-init[684]: ci-info: +--------+------+----------------------------+---------------+--------+-------------------+
[   19.091108] cloud-init[684]: ci-info: | Device |  Up  |          Address           |      Mask     | Scope  |     Hw-Address    |
[   19.092257] cloud-init[684]: ci-info: +--------+------+----------------------------+---------------+--------+-------------------+
[   19.093410] cloud-init[684]: ci-info: | enp0s3 | True |         10.0.2.15          | 255.255.255.0 | global | 02:9c:5a:2d:fc:66 |
[   19.094535] cloud-init[684]: ci-info: | enp0s3 | True | fe80::9c:5aff:fe2d:fc66/64 |       .       |  link  | 02:9c:5a:2d:fc:66 |
[   19.095713] cloud-init[684]: ci-info: |   lo   | True |         127.0.0.1          |   255.0.0.0   |  host  |         .         |
[   19.096828] cloud-init[684]: ci-info: |   lo   | True |          ::1/128           |       .       |  host  |         .         |
[   19.097922] cloud-init[684]: ci-info: +--------+------+----------------------------+---------------+--------+-------------------+
[   19.108413] cloud-init[684]: ci-info: ++++++++++++++++++++++++++++Route IPv4 info+++++++++++++++++++++++++++++
[   19.109501] cloud-init[684]: ci-info: +-------+-------------+----------+-----------------+-----------+-------+
[   19.110459] cloud-init[684]: ci-info: | Route | Destination | Gateway  |     Genmask     | Interface | Flags |
[   19.111382] cloud-init[684]: ci-info: +-------+-------------+----------+-----------------+-----------+-------+
[   19.124137] cloud-init[684]: ci-info: |   0   |   0.0.0.0   | 10.0.2.2 |     0.0.0.0     |   enp0s3  |   UG  |
[   19.136185] cloud-init[684]: ci-info: |   1   |   10.0.2.0  | 0.0.0.0  |  255.255.255.0  |   enp0s3  |   U   |
[   19.137249] cloud-init[684]: ci-info: |   2   |   10.0.2.2  | 0.0.0.0  | 255.255.255.255 |   enp0s3  |   UH  |
[   19.138263] cloud-init[684]: ci-info: +-------+-------------+----------+-----------------+-----------+-------+
[   19.139294] cloud-init[684]: ci-info: +++++++++++++++++++Route IPv6 info+++++++++++++++++++
[   19.148311] cloud-init[684]: ci-info: +-------+-------------+---------+-----------+-------+
[   19.149308] cloud-init[684]: ci-info: | Route | Destination | Gateway | Interface | Flags |
[   19.150160] cloud-init[684]: ci-info: +-------+-------------+---------+-----------+-------+
[   19.160278] cloud-init[684]: ci-info: |   1   |  fe80::/64  |    ::   |   enp0s3  |   U   |
[   19.161188] cloud-init[684]: ci-info: |   3   |    local    |    ::   |   enp0s3  |   U   |
[   19.162053] cloud-init[684]: ci-info: |   4   |   ff00::/8  |    ::   |   enp0s3  |   U   |
[   19.162915] cloud-init[684]: ci-info: +-------+-------------+---------+-----------+-------+
[[0;32m  OK  [0m] Started Initial cloud-init job (metadata service crawler).
[[0;32m  OK  [0m] Reached target Cloud-config availability.
[[0;32m  OK  [0m] Reached target Network is Online.
[[0;32m  OK  [0m] Reached target Remote File Systems (Pre).
[[0;32m  OK  [0m] Reached target Remote File Systems.
         Starting Availability of block devices...
[[0;32m  OK  [0m] Reached target System Initialization.
[[0;32m  OK  [0m] Listening on D-Bus System Message Bus Socket.
[[0;32m  OK  [0m] Started Message of the Day.
[[0;32m  OK  [0m] Listening on UUID daemon activation socket.
         Starting Socket activation for snappy daemon.
[[0;32m  OK  [0m] Listening on Open-iSCSI iscsid Socket.
         Starting LXD - unix socket.
[[0;32m  OK  [0m] Started ACPI Events Check.
[[0;32m  OK  [0m] Listening on ACPID Listen Socket.
[[0;32m  OK  [0m] Started Daily apt download activities.
[[0;32m  OK  [0m] Started Daily apt upgrade and clean activities.
[[0;32m  OK  [0m] Started Daily Cleanup of Temporary Directories.
[[0;32m  OK  [0m] Started Discard unused blocks once a week.
[[0;32m  OK  [0m] Reached target Timers.
[[0;32m  OK  [0m] Reached target Paths.
[[0;32m  OK  [0m] Started Availability of block devices.
[[0;32m  OK  [0m] Listening on Socket activation for snappy daemon.
[[0;32m  OK  [0m] Listening on LXD - unix socket.
[[0;32m  OK  [0m] Reached target Sockets.
[[0;32m  OK  [0m] Reached target Basic System.
         Starting LSB: automatic crash report generation...
         Starting Virtualbox guest utils...
         Starting LXD - container startup/shutdown...
         Starting Permit User Sessions...
[[0;32m  OK  [0m] Started irqbalance daemon.
[[0;32m  OK  [0m] Started D-Bus System Message Bus.
         Starting Login Service...
         Starting OpenBSD Secure Shell server...
         Starting Dispatcher daemon for systemd-networkd...
         Starting Snap Daemon...
         Starting Message of the Day...
         Starting LSB: Record successful boot for GRUB...
         Starting Accounts Service...
[[0;32m  OK  [0m] Started Deferred execution scheduler.
         Starting System Logging Service...
[[0;32m  OK  [0m] Started Regular background program processing daemon.
[[0;32m  OK  [0m] Started FUSE filesystem for LXC.
[[0;32m  OK  [0m] Started LXD - container startup/shutdown.
[[0;32m  OK  [0m] Started Permit User Sessions.
[[0;32m  OK  [0m] Started Login Service.
[[0;32m  OK  [0m] Started Unattended Upgrades Shutdown.
         Starting Hold until boot process finishes up...
         Starting Terminate Plymouth Boot Screen...
[[0;32m  OK  [0m] Started Hold until boot process finishes up.
[[0;32m  OK  [0m] Started Terminate Plymouth Boot Screen.
[[0;32m  OK  [0m] Started Serial Getty on ttyS0.
         Starting Set console scheme...
[[0;32m  OK  [0m] Started System Logging Service.
[[0;32m  OK  [0m] Started Set console scheme.
[[0;32m  OK  [0m] Created slice system-getty.slice.
[[0;32m  OK  [0m] Started Getty on tty1.
[[0;32m  OK  [0m] Reached target Login Prompts.
         Starting Authorization Manager...
[[0;32m  OK  [0m] Started OpenBSD Secure Shell server.
[[0;32m  OK  [0m] Started LSB: automatic crash report generation.
[[0;32m  OK  [0m] Started LSB: Record successful boot for GRUB.
[[0;32m  OK  [0m] Started Virtualbox guest utils.
[[0;32m  OK  [0m] Started Authorization Manager.
[[0;32m  OK  [0m] Started Accounts Service.
[[0;32m  OK  [0m] Created slice User Slice of vagrant.
         Starting User Manager for UID 1000...
[[0;32m  OK  [0m] Started Session 1 of user vagrant.
[[0;32m  OK  [0m] Started Dispatcher daemon for systemd-networkd.
[[0;32m  OK  [0m] Started Snap Daemon.
         Starting Wait until snapd is fully seeded...
[[0;32m  OK  [0m] Started User Manager for UID 1000.
[[0;32m  OK  [0m] Started Wait until snapd is fully seeded.
         Starting Apply the settings specified in cloud-config...
[[0;32m  OK  [0m] Reached target Multi-User System.
[[0;32m  OK  [0m] Reached target Graphical Interface.
         Starting Update UTMP about System Runlevel Changes...
[[0;32m  OK  [0m] Started Update UTMP about System Runlevel Changes.
[   21.245743] cloud-init[1191]: Cloud-init v. 20.4.1-0ubuntu1~18.04.1 running 'modules:config' at Wed, 17 Feb 2021 15:15:36 +0000. Up 21.14 seconds.
[[0;32m  OK  [0m] Started Apply the settings specified in cloud-config.
         Starting Execute cloud user/final scripts...
[[0;32m  OK  [0m] Started Message of the Day.
[   21.707204] cloud-init[1264]: Cloud-init v. 20.4.1-0ubuntu1~18.04.1 running 'modules:final' at Wed, 17 Feb 2021 15:15:37 +0000. Up 21.60 seconds.
[   21.720345] cloud-init[1264]: Cloud-init v. 20.4.1-0ubuntu1~18.04.1 finished at Wed, 17 Feb 2021 15:15:37 +0000. Datasource DataSourceNoCloud [seed=/dev/sdb][dsmode=net].  Up 21.70 seconds
[[0;32m  OK  [0m] Started Execute cloud user/final scripts.
         Starting Daily apt download activities...
[[0;32m  OK  [0m] Reached target Cloud-init target.

Ubuntu 18.04.5 LTS ubuntu-bionic ttyS0

ubuntu-bionic login: 